<?xml version="1.0" encoding="utf-8"?><testsuites name="pytest tests"><testsuite name="pytest" errors="0" failures="0" skipped="0" tests="13" time="2.560" timestamp="2026-03-01T07:56:00.347023+00:00" hostname="agent-env-ec671bb8-f334-4e3f-afd7-6c29ce8ab462"><testcase classname="tests.test_iteration2_fixes.TestCoachContextualResponses" name="test_coach_intensity_context" time="0.258" /><testcase classname="tests.test_iteration2_fixes.TestCoachContextualResponses" name="test_coach_diet_context" time="0.151" /><testcase classname="tests.test_iteration2_fixes.TestCoachContextualResponses" name="test_coach_execution_context" time="0.097" /><testcase classname="tests.test_iteration2_fixes.TestCoachContextualResponses" name="test_coach_stall_context" time="0.138" /><testcase classname="tests.test_iteration2_fixes.TestCoachContextualResponses" name="test_coach_responses_are_different_per_context" time="0.399" /><testcase classname="tests.test_iteration2_fixes.TestWeeklySummary" name="test_weekly_summary_endpoint_exists" time="0.109" /><testcase classname="tests.test_iteration2_fixes.TestWeeklySummary" name="test_weekly_summary_has_coaching_bullets_array" time="0.137" /><testcase classname="tests.test_iteration2_fixes.TestExerciseVideoMappings" name="test_incline_press_video_mapping" time="0.096" /><testcase classname="tests.test_iteration2_fixes.TestExerciseVideoMappings" name="test_lat_pulldown_video_mapping" time="0.099" /><testcase classname="tests.test_iteration2_fixes.TestExerciseVideoMappings" name="test_cable_rope_pushdown_video_mapping" time="0.101" /><testcase classname="tests.test_iteration2_fixes.TestExerciseVideoMappings" name="test_exercises_are_not_linking_to_playlist" time="0.409" /><testcase classname="tests.test_iteration2_fixes.TestExerciseVideoMappings" name="test_program_exercises_have_video_fields" time="0.212" /><testcase classname="tests.test_iteration2_fixes.TestFullIntegration" name="test_all_fixes_working_together" time="0.300" /></testsuite></testsuites>