<?xml version="1.0" encoding="utf-8"?><testsuites name="pytest tests"><testsuite name="pytest" errors="0" failures="0" skipped="0" tests="16" time="3.385" timestamp="2026-03-01T07:38:36.719620+00:00" hostname="agent-env-ec671bb8-f334-4e3f-afd7-6c29ce8ab462"><testcase classname="test_burkaos_backend.TestHealth" name="test_health_endpoint" time="0.115" /><testcase classname="test_burkaos_backend.TestPrograms" name="test_get_all_programs" time="0.099" /><testcase classname="test_burkaos_backend.TestPrograms" name="test_active_program_exists" time="0.114" /><testcase classname="test_burkaos_backend.TestPrograms" name="test_get_program_detail" time="0.104" /><testcase classname="test_burkaos_backend.TestExercises" name="test_get_all_exercises" time="0.101" /><testcase classname="test_burkaos_backend.TestExercises" name="test_search_exercises" time="0.167" /><testcase classname="test_burkaos_backend.TestExercises" name="test_get_exercise_detail" time="0.111" /><testcase classname="test_burkaos_backend.TestPhilosophy" name="test_get_philosophy" time="0.101" /><testcase classname="test_burkaos_backend.TestPhilosophy" name="test_get_glossary" time="0.098" /><testcase classname="test_burkaos_backend.TestCoach" name="test_ask_coach" time="0.107" /><testcase classname="test_burkaos_backend.TestWorkouts" name="test_no_active_workout_initially" time="0.329" /><testcase classname="test_burkaos_backend.TestWorkouts" name="test_start_workout" time="0.408" /><testcase classname="test_burkaos_backend.TestWorkouts" name="test_get_active_workout" time="0.502" /><testcase classname="test_burkaos_backend.TestWorkouts" name="test_log_set_and_complete_workout" time="0.708" /><testcase classname="test_burkaos_backend.TestHistory" name="test_get_workout_history" time="0.101" /><testcase classname="test_burkaos_backend.TestBackup" name="test_export_backup" time="0.136" /></testsuite></testsuites>